<?xml version="1.0" encoding="UTF-8"?>
<Site BuildName="(empty)"
	BuildStamp="20250522-1950-Experimental"
	Name="ats-minipc-i9"
	Generator="ctest-3.22.1"
	CompilerName="/usr/bin/g++"
	CompilerVersion="11.4.0"
	OSName="Linux"
	Hostname="ats-minipc-i9"
	OSRelease="6.8.0-59-generic"
	OSVersion="#61~22.04.1-Ubuntu SMP PREEMPT_DYNAMIC Tue Apr 15 17:03:15 UTC 2"
	OSPlatform="x86_64"
	Is64Bits="1"
	VendorString="GenuineIntel"
	VendorID="Intel Corporation"
	FamilyID="6"
	ModelID="186"
	ProcessorCacheSize="24576"
	NumberOfLogicalCPU="20"
	NumberOfPhysicalCPU="14"
	TotalVirtualMemory="2047"
	TotalPhysicalMemory="7668"
	LogicalProcessorsPerPhysical="1"
	ProcessorClockFrequency="3600.19"
	>
	<Testing>
		<StartDateTime>May 23 05:37 CST</StartDateTime>
		<StartTestTime>1747949841</StartTestTime>
		<TestList/>
		<EndDateTime>May 23 05:37 CST</EndDateTime>
		<EndTestTime>1747949841</EndTestTime>
		<ElapsedMinutes>0</ElapsedMinutes>
	</Testing>
</Site>
